<?xml version="1.0" encoding="UTF-8"?>
<!-- Generated by org.testng.reporters.JUnitReportReporter -->
<testsuite hostname="INLEN8520047493" failures="0" tests="2" name="com.Pdf_Assignment.java_1.Java_assignment1" time="276.952" errors="0" timestamp="17 Jun 2022 07:28:56 GMT" skipped="0">
  <testcase classname="com.Pdf_Assignment.java_1.Java_assignment1" name="pdfFileFromSystem" time="16.200"/>
  <testcase classname="com.Pdf_Assignment.java_1.Java_assignment1" name="ReadPDFFileFromInternet" time="260.752"/>
</testsuite> <!-- com.Pdf_Assignment.java_1.Java_assignment1 -->
