<?xml version="1.0" encoding="UTF-8"?>
<!-- Generated by org.testng.reporters.JUnitReportReporter -->
<testsuite hostname="INLEN8520047493" failures="0" tests="1" name="com.Pdf_Assignment.java_1.PDFReader" time="144.879" errors="0" timestamp="17 Jun 2022 06:40:01 GMT" skipped="0">
  <testcase classname="com.Pdf_Assignment.java_1.PDFReader" name="ReadPDFFile" time="144.879"/>
</testsuite> <!-- com.Pdf_Assignment.java_1.PDFReader -->
